20:24:59.198 [main] INFO  autoPark.AutoPark - Car added to autoPark
20:24:59.201 [main] INFO  autoPark.AutoPark - Car added to autoPark
20:24:59.202 [main] INFO  autoPark.AutoPark - Car added to autoPark
20:24:59.202 [main] INFO  autoPark.AutoPark - Car added to autoPark
20:24:59.202 [main] INFO  autoPark.AutoPark - GasCar added
20:24:59.202 [main] INFO  autoPark.AutoPark - GasCar added
20:24:59.203 [main] INFO  autoPark.AutoPark - ElectricCar added
20:24:59.203 [main] INFO  autoPark.AutoPark - ElectricCar added
20:24:59.204 [main] INFO  autoPark.AutoPark - Calculated autopark price
20:24:59.205 [main] INFO  autoPark.AutoPark - Sorted by FuelConsumption
20:24:59.208 [main] INFO  autoPark.AutoPark - Sorted by lifeTimeBattery
20:24:59.209 [main] INFO  autoPark.AutoPark - Sorted by speed selection
20:27:19.847 [main] INFO  autoPark.AutoPark - Car added to autoPark
20:27:19.853 [main] INFO  autoPark.AutoPark - Car added to autoPark
20:27:19.854 [main] INFO  autoPark.AutoPark - Car added to autoPark
20:27:19.855 [main] INFO  autoPark.AutoPark - Car added to autoPark
20:27:19.855 [main] INFO  autoPark.AutoPark - Calculated autopark price
20:27:19.858 [main] INFO  autoPark.AutoPark - Car added to autoPark
20:27:19.858 [main] INFO  autoPark.AutoPark - Car added to autoPark
20:27:19.859 [main] INFO  autoPark.AutoPark - Car added to autoPark
20:27:19.859 [main] INFO  autoPark.AutoPark - Car added to autoPark
20:27:19.860 [main] INFO  autoPark.AutoPark - Sorted by lifeTimeBattery
20:27:19.865 [main] INFO  autoPark.AutoPark - Car added to autoPark
20:27:19.865 [main] INFO  autoPark.AutoPark - Car added to autoPark
20:27:19.866 [main] INFO  autoPark.AutoPark - Car added to autoPark
20:27:19.867 [main] INFO  autoPark.AutoPark - Car added to autoPark
20:27:19.867 [main] INFO  autoPark.AutoPark - Sorted by speed selection
20:27:19.869 [main] INFO  autoPark.AutoPark - Car added to autoPark
20:27:19.869 [main] INFO  autoPark.AutoPark - Car added to autoPark
20:27:19.870 [main] INFO  autoPark.AutoPark - Car added to autoPark
20:27:19.870 [main] INFO  autoPark.AutoPark - Car added to autoPark
20:27:19.871 [main] INFO  autoPark.AutoPark - Sorted by FuelConsumption
